#
# There is insufficient memory for the Java Runtime Environment to continue.
# Native memory allocation (malloc) failed to allocate 1048576 bytes for AllocateHeap
# Possible reasons:
#   The system is out of physical RAM or swap space
#   In 32 bit mode, the process size limit was hit
# Possible solutions:
#   Reduce memory load on the system
#   Increase physical memory or swap space
#   Check if swap backing store is full
#   Use 64 bit Java on a 64 bit OS
#   Decrease Java heap size (-Xmx/-Xms)
#   Decrease number of Java threads
#   Decrease Java thread stack sizes (-Xss)
#   Set larger code cache with -XX:ReservedCodeCacheSize=
# This output file may be truncated or incomplete.
#
#  Out of Memory Error (memory/allocation.inline.hpp:62), pid=9820, tid=9516
#
# JRE version:  (8.0_11-b12) (build )
# Java VM: Java HotSpot(TM) 64-Bit Server VM (25.11-b03 mixed mode windows-amd64 compressed oops)
# Failed to write core dump. Minidumps are not enabled by default on client versions of Windows
#

---------------  T H R E A D  ---------------

Current thread (0x0000000002d1e800):  JavaThread "Unknown thread" [_thread_in_vm, id=9516, stack(0x0000000002d20000,0x0000000002e20000)]

Stack: [0x0000000002d20000,0x0000000002e20000]
Native frames: (J=compiled Java code, j=interpreted, Vv=VM code, C=native code)
V  [jvm.dll+0x308eca]
V  [jvm.dll+0x25e121]
V  [jvm.dll+0x25ed33]
V  [jvm.dll+0x256705]
V  [jvm.dll+0x25575f]
V  [jvm.dll+0x3c778c]
V  [jvm.dll+0x3c2e57]
V  [jvm.dll+0xe2462]
V  [jvm.dll+0x1f1439]
V  [jvm.dll+0x2229b4]
V  [jvm.dll+0x14a151]
C  [javaw.exe+0x208a]
C  [javaw.exe+0xc9fb]
C  [javaw.exe+0xca8f]
C  [KERNEL32.DLL+0x13d2]
C  [ntdll.dll+0x154e4]


---------------  P R O C E S S  ---------------

Java Threads: ( => current thread )

Other Threads:

=>0x0000000002d1e800 (exited) JavaThread "Unknown thread" [_thread_in_vm, id=9516, stack(0x0000000002d20000,0x0000000002e20000)]

VM state:not at safepoint (normal execution)

VM Mutex/Monitor currently owned by a thread: None

Heap:
 PSYoungGen      total 1024K, used 20K [0x00000000d5d80000, 0x00000000d5f00000, 0x0000000100000000)
  eden space 512K, 4% used [0x00000000d5d80000,0x00000000d5d85288,0x00000000d5e00000)
  from space 512K, 0% used [0x00000000d5e80000,0x00000000d5e80000,0x00000000d5f00000)
  to   space 512K, 0% used [0x00000000d5e00000,0x00000000d5e00000,0x00000000d5e80000)
 ParOldGen       total 129536K, used 0K [0x0000000081800000, 0x0000000089680000, 0x00000000d5d80000)
  object space 129536K, 0% used [0x0000000081800000,0x0000000081800000,0x0000000089680000)
 Metaspace       used 683K, capacity 4480K, committed 4480K, reserved 1056768K
  class space    used 66K, capacity 384K, committed 384K, reserved 1048576K

Card table byte_map: [0x00000000122e0000,0x00000000126e0000] byte_map_base: 0x0000000011ed4000

Marking Bits: (ParMarkBitMap*) 0x00000000721812b0
 Begin Bits: [0x0000000012d90000, 0x0000000014d30000)
 End Bits:   [0x0000000014d30000, 0x0000000016cd0000)

Polling page: 0x0000000001160000

CodeCache: size=245760Kb used=327Kb max_used=327Kb free=245432Kb
 bounds [0x0000000002f20000, 0x0000000003190000, 0x0000000011f20000]
 total_blobs=56 nmethods=0 adapters=37
 compilation: enabled

Compilation events (0 events):
No events

GC Heap History (0 events):
No events

Deoptimization events (0 events):
No events

Internal exceptions (0 events):
No events

Events (10 events):
Event: 0.132 loading class java/lang/Short
Event: 0.132 loading class java/lang/Short done
Event: 0.132 loading class java/lang/Integer
Event: 0.132 loading class java/lang/Integer done
Event: 0.132 loading class java/lang/Long
Event: 0.133 loading class java/lang/Long done
Event: 0.133 loading class java/lang/NullPointerException
Event: 0.133 loading class java/lang/NullPointerException done
Event: 0.133 loading class java/lang/ArithmeticException
Event: 0.133 loading class java/lang/ArithmeticException done


Dynamic libraries:
0x00007ff6e8f80000 - 0x00007ff6e8fb4000 	D:\Program Files\Java\jdk1.8.0_11\bin\javaw.exe
0x00007ffba97b0000 - 0x00007ffba995d000 	C:\WINDOWS\SYSTEM32\ntdll.dll
0x00007ffba70b0000 - 0x00007ffba71ee000 	C:\WINDOWS\system32\KERNEL32.DLL
0x00007ffba6830000 - 0x00007ffba6945000 	C:\WINDOWS\system32\KERNELBASE.dll
0x00007ffba5110000 - 0x00007ffba519e000 	C:\WINDOWS\system32\apphelp.dll
0x00007ffba0d50000 - 0x00007ffba0da3000 	C:\WINDOWS\AppPatch\AppPatch64\AcGenral.DLL
0x00007ffba8e10000 - 0x00007ffba8eba000 	C:\WINDOWS\system32\msvcrt.dll
0x00007ffba6710000 - 0x00007ffba673e000 	C:\WINDOWS\system32\SspiCli.dll
0x00007ffba8ec0000 - 0x00007ffba8f14000 	C:\WINDOWS\system32\SHLWAPI.dll
0x00007ffba8f20000 - 0x00007ffba9097000 	C:\WINDOWS\system32\USER32.dll
0x00007ffba6d10000 - 0x00007ffba6ea4000 	C:\WINDOWS\system32\ole32.dll
0x00007ffba7350000 - 0x00007ffba8879000 	C:\WINDOWS\system32\SHELL32.dll
0x00007ffba5ae0000 - 0x00007ffba5b01000 	C:\WINDOWS\SYSTEM32\USERENV.dll
0x00007ffba90a0000 - 0x00007ffba914a000 	C:\WINDOWS\system32\ADVAPI32.dll
0x00007ffb9d150000 - 0x00007ffb9d16e000 	C:\WINDOWS\SYSTEM32\MPR.dll
0x00007ffba9150000 - 0x00007ffba9290000 	C:\WINDOWS\system32\RPCRT4.dll
0x00007ffba6b30000 - 0x00007ffba6b89000 	C:\WINDOWS\SYSTEM32\sechost.dll
0x00007ffba9570000 - 0x00007ffba9781000 	C:\WINDOWS\SYSTEM32\combase.dll
0x00007ffba6f60000 - 0x00007ffba70af000 	C:\WINDOWS\system32\GDI32.dll
0x00007ffba64e0000 - 0x00007ffba64f5000 	C:\WINDOWS\SYSTEM32\profapi.dll
0x00007ffba4d70000 - 0x00007ffba4e22000 	C:\WINDOWS\SYSTEM32\SHCORE.dll
0x00007ffba6eb0000 - 0x00007ffba6ee6000 	C:\WINDOWS\system32\IMM32.DLL
0x00007ffba71f0000 - 0x00007ffba7342000 	C:\WINDOWS\system32\MSCTF.dll
0x00007ffba41e0000 - 0x00007ffba445b000 	C:\WINDOWS\WinSxS\amd64_microsoft.windows.common-controls_6595b64144ccf1df_6.0.9600.18006_none_623f33d3ecbe86e8\COMCTL32.dll
0x0000000072b40000 - 0x0000000072c12000 	D:\Program Files\Java\jdk1.8.0_11\jre\bin\msvcr100.dll
0x00000000719d0000 - 0x00000000721fa000 	D:\Program Files\Java\jdk1.8.0_11\jre\bin\server\jvm.dll
0x00007ffba0e80000 - 0x00007ffba0e89000 	C:\WINDOWS\SYSTEM32\WSOCK32.dll
0x00007ffba6740000 - 0x00007ffba6762000 	C:\WINDOWS\system32\WINMM.dll
0x00007ffba9290000 - 0x00007ffba9297000 	C:\WINDOWS\system32\PSAPI.DLL
0x00007ffba8a40000 - 0x00007ffba8a9a000 	C:\WINDOWS\system32\WS2_32.dll
0x00007ffba65e0000 - 0x00007ffba660a000 	C:\WINDOWS\system32\WINMMBASE.dll
0x00007ffba97a0000 - 0x00007ffba97a9000 	C:\WINDOWS\system32\NSI.dll
0x00007ffba66c0000 - 0x00007ffba670f000 	C:\WINDOWS\SYSTEM32\cfgmgr32.dll
0x00007ffba6590000 - 0x00007ffba65b8000 	C:\WINDOWS\system32\DEVOBJ.dll
0x0000000072b30000 - 0x0000000072b3f000 	D:\Program Files\Java\jdk1.8.0_11\jre\bin\verify.dll
0x0000000072b00000 - 0x0000000072b28000 	D:\Program Files\Java\jdk1.8.0_11\jre\bin\java.dll
0x0000000073400000 - 0x0000000073435000 	D:\Program Files\Java\jdk1.8.0_11\jre\bin\jdwp.dll
0x00000000733f0000 - 0x00000000733f8000 	D:\Program Files\Java\jdk1.8.0_11\jre\bin\npt.dll
0x0000000072ae0000 - 0x0000000072af6000 	D:\Program Files\Java\jdk1.8.0_11\jre\bin\zip.dll
0x00007ffb80970000 - 0x00007ffb80af9000 	C:\WINDOWS\SYSTEM32\dbghelp.dll

VM Arguments:
jvm_args: -agentlib:jdwp=transport=dt_socket,suspend=y,address=localhost:2571 -Dfile.encoding=UTF-8 
java_command: com.quick.Demo
java_class_path (initial): E:\Workspaces\MyEclipse 2015 CI\Quick_Lab_02\bin
Launcher Type: SUN_STANDARD

Environment Variables:
JAVA_HOME=D:\Program Files\Java\jdk1.8.0_11
CLASSPATH=.;D:\Program Files\Java\jdk1.8.0_11\lib;D:\Program Files\Java\jdk1.8.0_11\lib\tools.jar;E:\Workspaces\java\algs4.jar
PATH=D:\app\hong\product\12.1.0\dbhome_1\bin;C:\WINDOWS\system32;C:\WINDOWS;C:\WINDOWS\System32\Wbem;C:\WINDOWS\System32\WindowsPowerShell\v1.0\;C:\Program Files (x86)\NVIDIA Corporation\PhysX\Common;C:\Program Files (x86)\Windows Kits\8.1\Windows Performance Toolkit\;C:\Program Files\Microsoft SQL Server\110\Tools\Binn\;D:\Program Files\Java\jdk1.8.0_11\bin;D:\Program Files\Java\jdk1.8.0_11\jre\bin;D:\wamp\bin\mysql\mysql5.6.17\bin;D:\MyEclipse 2015 CI\android-sdk\tools;D:\MyEclipse 2015 CI\android-sdk\platform-tools;D:\Program Files\Java\jdk1.8.0_11\bin;D:\wildfly\wildfly-11.0.0.CR1\bin;C:\Program Files\Microsoft SQL Server\120\DTS\Binn\;C:\Program Files\Microsoft SQL Server\Client SDK\ODBC\110\Tools\Binn\;C:\Program Files (x86)\Microsoft SQL Server\120\Tools\Binn\;C:\Program Files\Microsoft SQL Server\120\Tools\Binn\;C:\Program Files (x86)\Microsoft SQL Server\120\Tools\Binn\ManagementStudio\;C:\Program Files (x86)\Microsoft SQL Server\120\DTS\Binn\;D:\Program Files\TortoiseSVN\bin;D:\xampp\php;D:\Program Files (x86)\Python\Python36-32\Scripts\;D:\Program Files (x86)\Python\Python36-32\;D:\Python\Scripts\;D:\Python\
USERNAME=Abbey
OS=Windows_NT
PROCESSOR_IDENTIFIER=Intel64 Family 6 Model 61 Stepping 4, GenuineIntel



---------------  S Y S T E M  ---------------

OS: Windows 8.1 , 64 bit Build 9600 

CPU:total 4 (2 cores per cpu, 2 threads per core) family 6 model 61 stepping 4, cmov, cx8, fxsr, mmx, sse, sse2, sse3, ssse3, sse4.1, sse4.2, popcnt, avx, avx2, aes, clmul, erms, ht, tsc, tscinvbit

Memory: 4k page, physical 8285688k(4682664k free), swap 11431416k(5604k free)

vm_info: Java HotSpot(TM) 64-Bit Server VM (25.11-b03) for windows-amd64 JRE (1.8.0_11-b12), built on Jun 16 2014 20:57:32 by "java_re" with MS VC++ 10.0 (VS2010)

time: Sat May 12 17:02:22 2018
elapsed time: 0 seconds

